TN:
SF:src/actions/rail/incidents.action.ts
FN:4,fetchRailIncidents
FNF:1
FNH:1
FNDA:1,fetchRailIncidents
DA:1,1
DA:2,1
DA:3,1
DA:4,1
DA:5,1
DA:6,1
DA:7,1
DA:8,1
DA:9,1
DA:10,1
DA:11,1
DA:12,1
DA:13,1
LF:13
LH:13
BRDA:4,0,0,1
BRDA:11,1,0,1
BRF:2
BRH:2
end_of_record
TN:
SF:src/actions/rail/index.ts
FNF:0
FNH:0
DA:1,1
DA:2,1
DA:3,1
DA:4,1
DA:5,1
DA:6,1
DA:7,1
LF:7
LH:7
BRF:0
BRH:0
end_of_record
TN:
SF:src/actions/rail/realtime.action.ts
FN:4,fetchRealTimeRailPredictions
FNF:1
FNH:1
FNDA:1,fetchRealTimeRailPredictions
DA:1,1
DA:2,1
DA:3,1
DA:4,1
DA:5,1
DA:6,1
DA:7,1
DA:8,1
DA:9,1
DA:10,1
DA:11,1
DA:12,1
DA:13,1
DA:14,1
DA:15,1
LF:15
LH:15
BRDA:4,0,0,1
BRDA:13,1,0,1
BRF:2
BRH:2
end_of_record
TN:
SF:src/actions/rail/__tests__/mockData.ts
FNF:0
FNH:0
DA:1,1
DA:2,1
DA:3,1
DA:4,1
DA:5,1
DA:6,1
DA:7,1
DA:8,1
DA:9,1
DA:10,1
DA:11,1
DA:12,1
DA:13,1
DA:14,1
DA:15,1
DA:16,1
DA:17,1
DA:18,1
DA:19,1
DA:20,1
DA:21,1
DA:22,1
DA:23,1
DA:24,1
DA:25,1
DA:26,1
DA:27,1
DA:28,1
DA:29,1
DA:30,1
DA:31,1
DA:32,1
DA:33,1
DA:34,1
DA:35,1
DA:36,1
DA:37,1
DA:38,1
DA:39,1
DA:40,1
DA:41,1
DA:42,1
DA:43,1
DA:44,1
DA:45,1
DA:46,1
DA:47,1
DA:48,1
DA:49,1
DA:50,1
LF:50
LH:50
BRF:0
BRH:0
end_of_record
TN:
SF:src/libs/eventProcessor/EventProcessor.class.ts
FN:14,EventProcessor
FN:25,processEvents
FN:30,processEvent
FN:40,setupEventReceivers
FN:53,emitEvent
FN:59,setEvents
FN:64,setClients
FN:68,getClients
FN:72,getEvents
FN:76,start
FN:80,stop
FN:84,restart
FNF:12
FNH:12
FNDA:2,EventProcessor
FNDA:7,processEvents
FNDA:8,processEvent
FNDA:7,setupEventReceivers
FNDA:6,emitEvent
FNDA:3,setEvents
FNDA:1,setClients
FNDA:2,getClients
FNDA:2,getEvents
FNDA:1,start
FNDA:2,stop
FNDA:4,restart
DA:1,1
DA:2,1
DA:3,1
DA:4,1
DA:5,1
DA:6,1
DA:7,1
DA:8,1
DA:9,1
DA:10,1
DA:11,1
DA:12,1
DA:13,1
DA:14,1
DA:15,2
DA:16,2
DA:17,2
DA:18,2
DA:19,2
DA:20,2
DA:21,2
DA:22,2
DA:23,2
DA:24,1
DA:25,1
DA:26,7
DA:27,7
DA:28,7
DA:29,1
DA:30,1
DA:31,8
DA:32,8
DA:33,8
DA:34,7
DA:35,7
DA:36,8
DA:37,8
DA:38,8
DA:39,1
DA:40,1
DA:41,7
DA:42,7
DA:43,7
DA:44,8
DA:45,7
DA:46,7
DA:47,7
DA:48,1
DA:49,1
DA:50,7
DA:51,7
DA:52,1
DA:53,1
DA:54,6
DA:55,6
DA:56,6
DA:57,6
DA:58,1
DA:59,1
DA:60,3
DA:61,3
DA:62,3
DA:63,1
DA:64,1
DA:65,1
DA:66,1
DA:67,1
DA:68,1
DA:69,2
DA:70,2
DA:71,1
DA:72,1
DA:73,2
DA:74,2
DA:75,1
DA:76,1
DA:77,1
DA:78,1
DA:79,1
DA:80,1
DA:81,2
DA:82,2
DA:83,1
DA:84,1
DA:85,4
DA:86,4
DA:87,4
DA:88,1
DA:89,1
DA:90,1
LF:90
LH:90
BRDA:14,0,0,2
BRDA:25,1,0,7
BRDA:30,2,0,8
BRDA:33,3,0,7
BRDA:37,4,0,1
BRDA:40,5,0,7
BRDA:43,6,0,8
BRDA:44,7,0,5
BRDA:47,8,0,1
BRDA:53,9,0,6
BRDA:54,10,0,6
BRDA:59,11,0,3
BRDA:64,12,0,1
BRDA:68,13,0,2
BRDA:72,14,0,2
BRDA:76,15,0,1
BRDA:80,16,0,2
BRDA:84,17,0,4
BRF:18
BRH:18
end_of_record
